# Logfile created on 2015-05-31 14:54:24 -0700 by logger.rb/44203
I, [2015-05-31T14:54:24.687856 #19814]  INFO -- : 0:  i18n (0.7.0) from /Users/scott/.rvm/gems/ruby-2.1.0/specifications/i18n-0.7.0.gemspec
I, [2015-05-31T14:54:24.688167 #19814]  INFO -- : 0:  json (1.8.2) from /Users/scott/.rvm/gems/ruby-2.1.0/specifications/json-1.8.2.gemspec
I, [2015-05-31T14:54:25.366199 #19814]  INFO -- : 0:  minitest (5.5.1) from /Users/scott/.rvm/gems/ruby-2.1.0/specifications/minitest-5.5.1.gemspec
I, [2015-05-31T14:54:26.007304 #19814]  INFO -- : 0:  thread_safe (0.3.4) from /Users/scott/.rvm/gems/ruby-2.1.0/specifications/thread_safe-0.3.4.gemspec
I, [2015-05-31T14:54:26.699276 #19814]  INFO -- : 0:  tzinfo (1.2.2) from /Users/scott/.rvm/gems/ruby-2.1.0/specifications/tzinfo-1.2.2.gemspec
I, [2015-05-31T14:54:27.585164 #19814]  INFO -- : 0:  activesupport (4.2.0) from /Users/scott/.rvm/gems/ruby-2.1.0/specifications/activesupport-4.2.0.gemspec
I, [2015-05-31T14:54:28.117851 #19814]  INFO -- : 0:  awesome_print (1.6.1) from /Users/scott/.rvm/gems/ruby-2.1.0/specifications/awesome_print-1.6.1.gemspec
I, [2015-05-31T14:54:28.118166 #19814]  INFO -- : 0:  builder (3.2.2) from /Users/scott/.rvm/gems/ruby-2.1.0/specifications/builder-3.2.2.gemspec
I, [2015-05-31T14:54:28.118409 #19814]  INFO -- : 0:  multi_json (1.10.1) from /Users/scott/.rvm/gems/ruby-2.1.0/specifications/multi_json-1.10.1.gemspec
I, [2015-05-31T14:54:28.633696 #19814]  INFO -- : 0:  jmespath (1.0.2) from /Users/scott/.rvm/gems/ruby-2.1.0/specifications/jmespath-1.0.2.gemspec
I, [2015-05-31T14:54:29.161185 #19814]  INFO -- : 0:  multi_xml (0.5.5) from /Users/scott/.rvm/gems/ruby-2.1.0/specifications/multi_xml-0.5.5.gemspec
I, [2015-05-31T14:54:31.972882 #19814]  INFO -- : 0:  aws-sdk-core (2.0.28) from /Users/scott/.rvm/gems/ruby-2.1.0/specifications/aws-sdk-core-2.0.28.gemspec
I, [2015-05-31T14:54:32.501554 #19814]  INFO -- : 0:  aws-sdk-resources (2.0.28) from /Users/scott/.rvm/gems/ruby-2.1.0/specifications/aws-sdk-resources-2.0.28.gemspec
I, [2015-05-31T14:54:33.057546 #19814]  INFO -- : 0:  aws-sdk (2.0.28) from /Users/scott/.rvm/gems/ruby-2.1.0/specifications/aws-sdk-2.0.28.gemspec
I, [2015-05-31T14:54:33.575067 #19814]  INFO -- : 0:  mini_portile (0.6.2) from /Users/scott/.rvm/gems/ruby-2.1.0/specifications/mini_portile-0.6.2.gemspec
I, [2015-05-31T14:55:30.663146 #19814]  INFO -- : 0:  nokogiri (1.6.6.2) from /Users/scott/.rvm/gems/ruby-2.1.0/specifications/nokogiri-1.6.6.2.gemspec
I, [2015-05-31T14:55:32.137415 #19814]  INFO -- : 0:  aws-sdk-v1 (1.63.0) from /Users/scott/.rvm/gems/ruby-2.1.0/specifications/aws-sdk-v1-1.63.0.gemspec
I, [2015-05-31T14:55:32.734674 #19814]  INFO -- : 0:  columnize (0.9.0) from /Users/scott/.rvm/gems/ruby-2.1.0/specifications/columnize-0.9.0.gemspec
I, [2015-05-31T14:55:33.299330 #19814]  INFO -- : 0:  debugger-linecache (1.2.0) from /Users/scott/.rvm/gems/ruby-2.1.0/specifications/debugger-linecache-1.2.0.gemspec
I, [2015-05-31T14:55:33.857188 #19814]  INFO -- : 0:  slop (3.6.0) from /Users/scott/.rvm/gems/ruby-2.1.0/specifications/slop-3.6.0.gemspec
I, [2015-05-31T14:55:35.079614 #19814]  INFO -- : 0:  byebug (3.5.1) from /Users/scott/.rvm/gems/ruby-2.1.0/specifications/byebug-3.5.1.gemspec
I, [2015-05-31T14:55:44.368117 #19814]  INFO -- : 0:  ffi (1.9.6) from /Users/scott/.rvm/gems/ruby-2.1.0/specifications/ffi-1.9.6.gemspec
I, [2015-05-31T14:55:44.924514 #19814]  INFO -- : 0:  childprocess (0.5.5) from /Users/scott/.rvm/gems/ruby-2.1.0/specifications/childprocess-0.5.5.gemspec
I, [2015-05-31T14:55:44.924855 #19814]  INFO -- : 0:  diff-lcs (1.2.5) from /Users/scott/.rvm/gems/ruby-2.1.0/specifications/diff-lcs-1.2.5.gemspec
I, [2015-05-31T14:56:02.856326 #19814]  INFO -- : 0:  gherkin (2.12.2) from /Users/scott/.rvm/gems/ruby-2.1.0/specifications/gherkin-2.12.2.gemspec
I, [2015-05-31T14:56:03.430420 #19814]  INFO -- : 0:  multi_test (0.1.2) from /Users/scott/.rvm/gems/ruby-2.1.0/specifications/multi_test-0.1.2.gemspec
I, [2015-05-31T14:56:04.381207 #19814]  INFO -- : 0:  cucumber (1.3.19) from /Users/scott/.rvm/gems/ruby-2.1.0/specifications/cucumber-1.3.19.gemspec
I, [2015-05-31T14:56:04.381599 #19814]  INFO -- : 0:  erubis (2.7.0) from /Users/scott/.rvm/gems/ruby-2.1.0/specifications/erubis-2.7.0.gemspec
I, [2015-05-31T14:56:05.166267 #19814]  INFO -- : 0:  rack (1.6.0) from /Users/scott/.rvm/gems/ruby-2.1.0/specifications/rack-1.6.0.gemspec
I, [2015-05-31T14:56:05.692186 #19814]  INFO -- : 0:  rack-protection (1.5.3) from /Users/scott/.rvm/gems/ruby-2.1.0/specifications/rack-protection-1.5.3.gemspec
I, [2015-05-31T14:56:05.692525 #19814]  INFO -- : 0:  tilt (1.4.1) from /Users/scott/.rvm/gems/ruby-2.1.0/specifications/tilt-1.4.1.gemspec
I, [2015-05-31T14:56:06.551721 #19814]  INFO -- : 0:  sinatra (1.4.5) from /Users/scott/.rvm/gems/ruby-2.1.0/specifications/sinatra-1.4.5.gemspec
I, [2015-05-31T14:56:07.211772 #19814]  INFO -- : 0:  fake_dynamo (0.2.5) from /Users/scott/.rvm/gems/ruby-2.1.0/specifications/fake_dynamo-0.2.5.gemspec
I, [2015-05-31T14:56:07.881446 #19814]  INFO -- : 0:  fake_sqs (0.1.0) from /Users/scott/.rvm/gems/ruby-2.1.0/specifications/fake_sqs-0.1.0.gemspec
I, [2015-05-31T14:56:07.881739 #19814]  INFO -- : 0:  thor (0.19.1) from /Users/scott/.rvm/gems/ruby-2.1.0/specifications/thor-0.19.1.gemspec
I, [2015-05-31T14:56:08.482421 #19814]  INFO -- : 0:  fakes3 (0.1.7) from /Users/scott/.rvm/gems/ruby-2.1.0/specifications/fakes3-0.1.7.gemspec
I, [2015-05-31T14:56:09.114641 #19814]  INFO -- : 0:  httparty (0.13.3) from /Users/scott/.rvm/gems/ruby-2.1.0/specifications/httparty-0.13.3.gemspec
I, [2015-05-31T14:56:09.646157 #19814]  INFO -- : 0:  rspec-support (3.2.2) from /Users/scott/.rvm/gems/ruby-2.1.0/specifications/rspec-support-3.2.2.gemspec
I, [2015-05-31T14:56:10.308700 #19814]  INFO -- : 0:  rspec-core (3.2.1) from /Users/scott/.rvm/gems/ruby-2.1.0/specifications/rspec-core-3.2.1.gemspec
I, [2015-05-31T14:56:10.899667 #19814]  INFO -- : 0:  rspec-expectations (3.2.0) from /Users/scott/.rvm/gems/ruby-2.1.0/specifications/rspec-expectations-3.2.0.gemspec
I, [2015-05-31T14:56:11.532368 #19814]  INFO -- : 0:  rspec-mocks (3.2.1) from /Users/scott/.rvm/gems/ruby-2.1.0/specifications/rspec-mocks-3.2.1.gemspec
I, [2015-05-31T14:56:12.039061 #19814]  INFO -- : 0:  rspec (3.2.0) from /Users/scott/.rvm/gems/ruby-2.1.0/specifications/rspec-3.2.0.gemspec
I, [2015-05-31T14:56:12.574754 #19814]  INFO -- : 0:  json_spec (1.1.4) from /Users/scott/.rvm/gems/ruby-2.1.0/specifications/json_spec-1.1.4.gemspec
I, [2015-05-31T14:56:12.575090 #19814]  INFO -- : 0:  bundler (1.5.1) from /Users/scott/.rvm/gems/ruby-2.1.0@global/specifications/bundler-1.5.1.gemspec
